2024-07-20 11:40:18,692 Modules imported sucessfully
2024-07-20 11:40:18,694 Modules imported sucessfully
2024-07-20 11:40:18,700 Modules imported sucessfully
2024-07-20 11:40:18,877 Modules imported sucessfully
2024-07-20 11:40:19,497 Logging Successful for Arihant Kamdar
2024-07-20 11:40:19,500 Logging Successful for Arihant Kamdar
2024-07-20 11:40:19,508 Json Loaded successfully
2024-07-20 11:40:19,511 Json Loaded successfully
2024-07-20 11:40:19,600 Logging Successful for Arihant Kamdar
2024-07-20 11:40:19,607 Json Loaded successfully
2024-07-20 11:40:22,772 Modules imported sucessfully
2024-07-20 11:40:22,784 Logging Successful for Arihant Kamdar
2024-07-20 11:40:22,792 Json Loaded successfully
2024-07-20 11:41:12,521 Modules imported sucessfully
2024-07-20 11:41:12,529 Logging Successful for Arihant Kamdar
2024-07-20 11:41:12,536 Json Loaded successfully
2024-07-20 11:41:14,943 Modules imported sucessfully
2024-07-20 11:41:14,952 Logging Successful for Arihant Kamdar
2024-07-20 11:41:14,958 Json Loaded successfully
2024-07-20 11:43:04,827 Modules imported sucessfully
2024-07-20 11:43:04,837 Logging Successful for Arihant Kamdar
2024-07-20 11:43:04,847 Json Loaded successfully
2024-07-20 11:43:06,909 Modules imported sucessfully
2024-07-20 11:43:06,916 Logging Successful for Arihant Kamdar
2024-07-20 11:43:06,926 Json Loaded successfully
2024-07-20 11:43:39,696 Modules imported sucessfully
2024-07-20 11:43:39,704 Logging Successful for Arihant Kamdar
2024-07-20 11:43:39,712 Json Loaded successfully
2024-07-20 11:43:42,119 Modules imported sucessfully
2024-07-20 11:43:42,127 Logging Successful for Arihant Kamdar
2024-07-20 11:43:42,135 Json Loaded successfully
2024-07-20 11:44:05,710 Modules imported sucessfully
2024-07-20 11:44:05,722 Logging Successful for Arihant Kamdar
2024-07-20 11:44:05,728 Json Loaded successfully
2024-07-20 11:44:07,884 Modules imported sucessfully
2024-07-20 11:44:07,891 Logging Successful for Arihant Kamdar
2024-07-20 11:44:07,895 Json Loaded successfully
2024-07-20 11:44:17,402 Modules imported sucessfully
2024-07-20 11:44:17,409 Logging Successful for Arihant Kamdar
2024-07-20 11:44:17,412 Json Loaded successfully
2024-07-20 11:44:18,935 Modules imported sucessfully
2024-07-20 11:44:18,942 Logging Successful for Arihant Kamdar
2024-07-20 11:44:18,945 Json Loaded successfully
2024-07-20 11:44:40,915 Modules imported sucessfully
2024-07-20 11:44:40,923 Logging Successful for Arihant Kamdar
2024-07-20 11:44:40,925 Json Loaded successfully
2024-07-20 11:44:42,616 Modules imported sucessfully
2024-07-20 11:44:42,626 Logging Successful for Arihant Kamdar
2024-07-20 11:44:42,632 Json Loaded successfully
2024-07-20 11:46:24,265 Modules imported sucessfully
2024-07-20 11:46:24,275 Logging Successful for Arihant Kamdar
2024-07-20 11:46:24,280 Json Loaded successfully
2024-07-20 11:46:25,988 Modules imported sucessfully
2024-07-20 11:46:25,998 Logging Successful for Arihant Kamdar
2024-07-20 11:46:26,007 Json Loaded successfully
2024-07-20 11:47:59,163 Modules imported sucessfully
2024-07-20 11:47:59,174 Logging Successful for Arihant Kamdar
2024-07-20 11:47:59,178 Json Loaded successfully
2024-07-20 11:48:00,765 Modules imported sucessfully
2024-07-20 11:48:00,776 Logging Successful for Arihant Kamdar
2024-07-20 11:48:00,781 Json Loaded successfully
2024-07-20 11:53:40,362 Modules imported sucessfully
2024-07-20 11:53:40,376 Logging Successful for Arihant Kamdar
2024-07-20 11:53:40,382 Json Loaded successfully
2024-07-20 11:53:42,225 Modules imported sucessfully
2024-07-20 11:53:42,236 Logging Successful for Arihant Kamdar
2024-07-20 11:53:42,239 Json Loaded successfully
2024-07-20 11:54:18,537 Modules imported sucessfully
2024-07-20 11:54:18,549 Logging Successful for Arihant Kamdar
2024-07-20 11:54:18,555 Json Loaded successfully
2024-07-20 11:54:18,740 Modules imported sucessfully
2024-07-20 11:54:18,751 Logging Successful for Arihant Kamdar
2024-07-20 11:54:18,756 Json Loaded successfully
2024-07-20 11:54:19,574 Trade in progress
2024-07-20 11:54:19,588 Insertion Complete
2024-07-20 11:54:19,591 Value update for balance in users by 625.0799999999999 where username = 'arihant'
2024-07-20 11:54:19,594 Trade Completed
2024-07-20 11:54:21,081 Modules imported sucessfully
2024-07-20 11:54:21,090 Logging Successful for Arihant Kamdar
2024-07-20 11:54:21,096 Json Loaded successfully
2024-07-20 12:06:33,543 Modules imported sucessfully
2024-07-20 12:06:33,556 Logging Successful for Arihant Kamdar
2024-07-20 12:06:33,564 Json Loaded successfully
2024-07-20 12:06:34,756 Modules imported sucessfully
2024-07-20 12:06:34,765 Logging Successful for Arihant Kamdar
2024-07-20 12:06:34,771 Json Loaded successfully
2024-07-20 12:06:44,524 Modules imported sucessfully
2024-07-20 12:06:44,561 Logging Successful for Arihant Kamdar
2024-07-20 12:06:44,573 Json Loaded successfully
2024-07-20 12:06:46,598 Modules imported sucessfully
2024-07-20 12:06:46,608 Logging Successful for Arihant Kamdar
2024-07-20 12:06:46,614 Json Loaded successfully
2024-07-20 12:06:48,082 Modules imported sucessfully
2024-07-20 12:06:48,092 Logging Successful for Arihant Kamdar
2024-07-20 12:06:48,098 Json Loaded successfully
2024-07-20 12:06:54,140 Modules imported sucessfully
2024-07-20 12:06:54,149 Logging Successful for Arihant Kamdar
2024-07-20 12:06:54,158 Json Loaded successfully
2024-07-20 12:06:55,067 Modules imported sucessfully
2024-07-20 12:06:55,077 Logging Successful for Arihant Kamdar
2024-07-20 12:06:55,081 Json Loaded successfully
2024-07-20 12:06:55,193 Trade in progress
2024-07-20 12:06:55,202 Insertion Complete
2024-07-20 12:06:55,207 Value update for balance in users by 73.21000000000004 where username = 'arihant'
2024-07-20 12:06:55,210 Trade Completed
2024-07-20 12:06:56,658 Modules imported sucessfully
2024-07-20 12:06:56,669 Logging Successful for Arihant Kamdar
2024-07-20 12:06:56,675 Json Loaded successfully
2024-07-20 12:07:47,452 Modules imported sucessfully
2024-07-20 12:07:47,462 Logging Successful for Arihant Kamdar
2024-07-20 12:07:47,464 Json Loaded successfully
2024-07-20 12:08:05,665 Modules imported sucessfully
2024-07-20 12:08:05,678 Logging Successful for Arihant Kamdar
2024-07-20 12:08:05,686 Json Loaded successfully
2024-07-20 12:08:10,760 Modules imported sucessfully
2024-07-20 12:08:10,978 Modules imported sucessfully
2024-07-20 12:08:11,696 Logging Successful for Arihant Kamdar
2024-07-20 12:08:11,715 Json Loaded successfully
2024-07-20 12:08:16,993 Modules imported sucessfully
2024-07-20 12:08:17,010 Logging Successful for Arihant Kamdar
2024-07-20 12:08:17,015 Json Loaded successfully
2024-07-20 12:09:27,657 Modules imported sucessfully
2024-07-20 12:09:27,666 Logging Successful for Arihant Kamdar
2024-07-20 12:09:27,669 Json Loaded successfully
2024-07-20 12:09:32,576 Modules imported sucessfully
2024-07-20 12:09:32,586 Logging Successful for Arihant Kamdar
2024-07-20 12:09:32,589 Json Loaded successfully
2024-07-20 12:09:40,600 Modules imported sucessfully
2024-07-20 12:09:40,615 Logging Successful for Arihant Kamdar
2024-07-20 12:09:40,624 Json Loaded successfully
2024-07-20 12:09:43,810 Modules imported sucessfully
2024-07-20 12:09:43,819 Logging Successful for Arihant Kamdar
2024-07-20 12:09:43,824 Json Loaded successfully
2024-07-20 12:09:48,421 Modules imported sucessfully
2024-07-20 12:09:48,431 Logging Successful for Arihant Kamdar
2024-07-20 12:09:48,434 Json Loaded successfully
2024-07-20 12:09:51,901 Modules imported sucessfully
2024-07-20 12:09:51,912 Logging Successful for Arihant Kamdar
2024-07-20 12:09:51,920 Json Loaded successfully
2024-07-20 12:09:54,686 Modules imported sucessfully
2024-07-20 12:09:54,697 Logging Successful for Arihant Kamdar
2024-07-20 12:09:54,702 Json Loaded successfully
2024-07-20 12:09:54,873 Trade in progress
2024-07-20 12:09:54,888 Insertion Complete
2024-07-20 12:09:54,889 Value update for balance in users by 175.27999999999997 where username = 'arihant'
2024-07-20 12:09:54,894 Trade Completed
2024-07-20 12:09:58,256 Modules imported sucessfully
2024-07-20 12:09:58,266 Logging Successful for Arihant Kamdar
2024-07-20 12:09:58,270 Json Loaded successfully
2024-07-20 12:10:03,631 Modules imported sucessfully
2024-07-20 12:10:03,863 Modules imported sucessfully
2024-07-20 12:10:04,583 Logging Successful for Arihant Kamdar
2024-07-20 12:10:04,590 Json Loaded successfully
2024-07-20 12:10:08,018 Modules imported sucessfully
2024-07-20 12:10:08,026 Logging Successful for Arihant Kamdar
2024-07-20 12:10:08,031 Json Loaded successfully
2024-07-20 12:41:13,169 Modules imported sucessfully
2024-07-20 12:41:13,180 Modules imported sucessfully
2024-07-20 12:41:13,258 Modules imported sucessfully
2024-07-20 12:41:13,884 Logging Successful for Arihant Kamdar
2024-07-20 12:41:13,887 Json Loaded successfully
2024-07-20 12:41:13,899 Logging Successful for Arihant Kamdar
2024-07-20 12:41:13,901 Json Loaded successfully
2024-07-20 12:41:13,978 Logging Successful for Arihant Kamdar
2024-07-20 12:41:13,980 Json Loaded successfully
2024-07-20 12:41:24,859 Modules imported sucessfully
2024-07-20 12:41:24,865 Logging Successful for Arihant Kamdar
2024-07-20 12:41:24,868 Json Loaded successfully
2024-07-20 12:41:30,847 Modules imported sucessfully
2024-07-20 12:41:30,852 Logging Successful for Arihant Kamdar
2024-07-20 12:41:30,854 Json Loaded successfully
2024-07-20 12:41:33,799 Modules imported sucessfully
2024-07-20 12:41:33,803 Logging Successful for Arihant Kamdar
2024-07-20 12:41:33,806 Json Loaded successfully
2024-07-20 12:41:34,903 Modules imported sucessfully
2024-07-20 12:41:34,909 Logging Successful for Arihant Kamdar
2024-07-20 12:41:34,911 Json Loaded successfully
2024-07-20 12:41:35,014 Trade in progress
2024-07-20 12:41:35,017 Insertion Complete
2024-07-20 12:41:35,018 Value update for balance in users by 277.35 where username = 'arihant'
2024-07-20 12:41:35,019 Trade Completed
2024-07-20 12:41:38,486 Modules imported sucessfully
2024-07-20 12:41:38,492 Logging Successful for Arihant Kamdar
2024-07-20 12:41:38,493 Json Loaded successfully
2024-07-20 12:41:40,160 Modules imported sucessfully
2024-07-20 12:41:40,164 Logging Successful for Arihant Kamdar
2024-07-20 12:41:40,166 Json Loaded successfully
2024-07-20 12:53:00,778 Modules imported sucessfully
2024-07-20 12:53:00,786 Logging Successful for Arihant Kamdar
2024-07-20 12:53:00,790 Json Loaded successfully
2024-07-20 12:53:00,808 Modules imported sucessfully
2024-07-20 12:53:00,815 Logging Successful for Arihant Kamdar
2024-07-20 12:53:00,821 Json Loaded successfully
2024-07-20 12:53:00,938 Modules imported sucessfully
2024-07-20 12:53:00,943 Logging Successful for Arihant Kamdar
2024-07-20 12:53:00,946 Json Loaded successfully
2024-07-20 13:38:21,669 Modules imported sucessfully
2024-07-20 13:38:21,674 Logging Successful for Arihant Kamdar
2024-07-20 13:38:21,676 Json Loaded successfully
2024-07-20 13:38:25,994 Modules imported sucessfully
2024-07-20 13:38:25,999 Logging Successful for Arihant Kamdar
2024-07-20 13:38:26,004 Json Loaded successfully
2024-07-20 13:38:27,252 Modules imported sucessfully
2024-07-20 13:38:27,257 Logging Successful for Arihant Kamdar
2024-07-20 13:38:27,263 Value update for balance in users by 10277.35 where username = 'arihant'
2024-07-20 13:38:27,264 Json Loaded successfully
2024-07-20 13:38:32,571 Modules imported sucessfully
2024-07-20 13:38:32,575 Logging Successful for Arihant Kamdar
2024-07-20 13:38:32,580 Json Loaded successfully
2024-07-20 14:19:34,975 Modules imported sucessfully
2024-07-20 14:19:34,983 Modules imported sucessfully
2024-07-20 14:19:34,983 Modules imported sucessfully
2024-07-20 14:19:35,702 Logging Successful for Arihant Kamdar
2024-07-20 14:19:35,710 Logging Successful for Arihant Kamdar
2024-07-20 14:19:35,718 Logging Successful for Arihant Kamdar
2024-07-20 14:19:35,718 Json Loaded successfully
2024-07-20 14:19:35,734 Json Loaded successfully
2024-07-20 14:19:35,742 Json Loaded successfully
2024-07-20 19:33:51,031 Modules imported sucessfully
2024-07-20 19:33:51,775 Logging Successful for Arihant Kamdar
2024-07-20 19:33:51,791 Json Loaded successfully
2024-07-20 19:50:14,537 Modules imported sucessfully
2024-07-20 19:50:14,553 Logging Successful for Arihant Kamdar
2024-07-20 19:50:14,561 Json Loaded successfully
